
   7.000    8.000   -9.000    5.000   -4.000   12.000 
   6.000   -7.000    5.000   -5.000   -9.000    0.000 
 -11.000   21.000   35.000   25.000   16.000  105.000 
   8.000    5.000    6.000   -8.000    6.000   19.000 
   4.000    6.000    9.000    4.000    6.000   56.000 
Solution of the system of linear equations X=( 5.163, -2.758, 1.235, 4.725, 3.647)

   7.000    8.000   -9.000    5.000   -4.000   12.000 
   6.000   -7.000    5.000   -5.000   -9.000    0.000 
   7.000    8.000    6.000   -5.000    4.000   56.000 
   6.000   -7.000    5.000   -5.000   -9.000    0.000 
   6.000   -7.000    5.000   -5.000   -9.000    0.000 
Solution of the system of linear equations X=( 0.000)

   7.000    8.000   -9.000    5.000   -4.000   12.000 
   6.000   -7.000    5.000   -5.000   -9.000    0.000 
   7.000    8.000    6.000   -5.000    4.000   56.000 
   8.000    5.000   11.000   -6.000    5.000   16.000 
   7.000    8.000   -9.000   20.000   11.000   35.000 
Solution of the system of linear equations X=( 45.060, -48.417, -70.611, -60.605, 62.138)

   0.000    8.000   -9.000    5.000   -4.000   12.000 
   6.000   -7.000    5.000   -5.000   -9.000    0.000 
   7.000    8.000    6.000   -5.000    4.000   56.000 
   6.000    8.000   -5.000    7.000   10.000   76.000 
   9.000    5.000   -9.000   12.000   -3.000  -15.000 
Solution of the system of linear equations X=( 8.815, -2.852, -17.310, -17.593, 8.252)
