
   7.000    8.000   -9.000    5.000   -4.000   12.000 
   6.000   -7.000    5.000   -5.000   -9.000    0.000 
 -11.000   21.000   35.000   25.000   16.000  105.000 
   8.000    5.000    6.000   -8.000    6.000   19.000 
   4.000    6.000    9.000    4.000    6.000   56.000 
Solution of the system of linear equations X=( 5.163, -2.758, 1.235, 4.725, 3.647)
   7.000    8.000   -9.000    5.000   -4.000   12.000 
   6.000   -7.000    5.000   -5.000   -9.000    0.000 
 -11.000   21.000   35.000   25.000   16.000  105.000 
   8.000    5.000    6.000   -8.000    6.000   19.000 
   4.000    6.000    9.000    4.000    6.000   56.000 
Solution of the system of linear equations X=( 5.163, -2.758, 1.235, 4.725, 3.647)

   7.000    8.000   -9.000    5.000   -4.000   12.000 
   6.000   -7.000    5.000   -5.000   -9.000    0.000 
 -11.000   21.000   35.000   25.000   16.000  105.000 
   8.000    5.000    6.000   -8.000    6.000   19.000 
   4.000    6.000    9.000    4.000    6.000   56.000 
Solution of the system of linear equations X=( 5.163, -2.758, 1.235, 4.725, 3.647)

   7.000    8.000   -9.000    5.000   -4.000   12.000 
   6.000   -7.000    5.000   -5.000   -9.000    0.000 
 -11.000   21.000   35.000   25.000   16.000  105.000 
   8.000    5.000    6.000   -8.000    6.000   19.000 
   4.000    6.000    9.000    4.000    6.000   56.000 
Solution of the system of linear equations X=( 5.163, -2.758, 1.235, 4.725, 3.647)
